2023-01-08 23:13:54,120 || INFO || test_LoginPage.py -> test_clickCreateAccountLink() -> [line:11] || ==== LoginPage Test Begins =====
2023-01-08 23:14:04,621 || INFO || LoginPage.py -> launchURL() -> [line:13] || Launching OrangeHRM URL
2023-01-08 23:14:04,643 || ERROR || BasePage.py -> findelement() -> [line:24] || Having trouble finding the element
Traceback (most recent call last):
  File "C:\Users\shahsarkar\PycharmProjects\HPFAutoPy\Src\BasePage\BasePage.py", line 22, in findelement
    return self.driver.find_element(*locator_properties)
  File "C:\Users\shahsarkar\PycharmProjects\HPFAutoPy\venv\lib\site-packages\selenium\webdriver\remote\webdriver.py", line 861, in find_element
    return self.execute(Command.FIND_ELEMENT, {"using": by, "value": value})["value"]
  File "C:\Users\shahsarkar\PycharmProjects\HPFAutoPy\venv\lib\site-packages\selenium\webdriver\remote\webdriver.py", line 444, in execute
    self.error_handler.check_response(response)
  File "C:\Users\shahsarkar\PycharmProjects\HPFAutoPy\venv\lib\site-packages\selenium\webdriver\remote\errorhandler.py", line 249, in check_response
    raise exception_class(message, screen, stacktrace)
selenium.common.exceptions.NoSuchElementException: Message: no such element: Unable to locate element: {"method":"css selector","selector":"[name="username"]"}
  (Session info: chrome=108.0.5359.125)
Stacktrace:
Backtrace:
	(No symbol) [0x0091F243]
	(No symbol) [0x008A7FD1]
	(No symbol) [0x0079D04D]
	(No symbol) [0x007CC0B0]
	(No symbol) [0x007CC22B]
	(No symbol) [0x007FE612]
	(No symbol) [0x007E85D4]
	(No symbol) [0x007FC9EB]
	(No symbol) [0x007E8386]
	(No symbol) [0x007C163C]
	(No symbol) [0x007C269D]
	GetHandleVerifier [0x00BB9A22+2655074]
	GetHandleVerifier [0x00BACA24+2601828]
	GetHandleVerifier [0x009C8C0A+619850]
	GetHandleVerifier [0x009C7830+614768]
	(No symbol) [0x008B05FC]
	(No symbol) [0x008B5968]
	(No symbol) [0x008B5A55]
	(No symbol) [0x008C051B]
	BaseThreadInitThunk [0x760500F9+25]
	RtlGetAppContainerNamedObjectPath [0x77507BBE+286]
	RtlGetAppContainerNamedObjectPath [0x77507B8E+238]

2023-01-08 23:14:04,659 || ERROR || BasePage.py -> set_text_value() -> [line:49] || Unable to set text
Traceback (most recent call last):
  File "C:\Users\shahsarkar\PycharmProjects\HPFAutoPy\Src\BasePage\BasePage.py", line 44, in set_text_value
    self.findelement(locator_properties).send_keys(set_text)
AttributeError: 'NoneType' object has no attribute 'send_keys'
2023-01-08 23:14:04,676 || ERROR || BasePage.py -> findelement() -> [line:24] || Having trouble finding the element
Traceback (most recent call last):
  File "C:\Users\shahsarkar\PycharmProjects\HPFAutoPy\Src\BasePage\BasePage.py", line 22, in findelement
    return self.driver.find_element(*locator_properties)
  File "C:\Users\shahsarkar\PycharmProjects\HPFAutoPy\venv\lib\site-packages\selenium\webdriver\remote\webdriver.py", line 861, in find_element
    return self.execute(Command.FIND_ELEMENT, {"using": by, "value": value})["value"]
  File "C:\Users\shahsarkar\PycharmProjects\HPFAutoPy\venv\lib\site-packages\selenium\webdriver\remote\webdriver.py", line 444, in execute
    self.error_handler.check_response(response)
  File "C:\Users\shahsarkar\PycharmProjects\HPFAutoPy\venv\lib\site-packages\selenium\webdriver\remote\errorhandler.py", line 249, in check_response
    raise exception_class(message, screen, stacktrace)
selenium.common.exceptions.NoSuchElementException: Message: no such element: Unable to locate element: {"method":"css selector","selector":"[name="password"]"}
  (Session info: chrome=108.0.5359.125)
Stacktrace:
Backtrace:
	(No symbol) [0x0091F243]
	(No symbol) [0x008A7FD1]
	(No symbol) [0x0079D04D]
	(No symbol) [0x007CC0B0]
	(No symbol) [0x007CC22B]
	(No symbol) [0x007FE612]
	(No symbol) [0x007E85D4]
	(No symbol) [0x007FC9EB]
	(No symbol) [0x007E8386]
	(No symbol) [0x007C163C]
	(No symbol) [0x007C269D]
	GetHandleVerifier [0x00BB9A22+2655074]
	GetHandleVerifier [0x00BACA24+2601828]
	GetHandleVerifier [0x009C8C0A+619850]
	GetHandleVerifier [0x009C7830+614768]
	(No symbol) [0x008B05FC]
	(No symbol) [0x008B5968]
	(No symbol) [0x008B5A55]
	(No symbol) [0x008C051B]
	BaseThreadInitThunk [0x760500F9+25]
	RtlGetAppContainerNamedObjectPath [0x77507BBE+286]
	RtlGetAppContainerNamedObjectPath [0x77507B8E+238]

2023-01-08 23:14:04,692 || ERROR || BasePage.py -> set_text_value() -> [line:49] || Unable to set text
Traceback (most recent call last):
  File "C:\Users\shahsarkar\PycharmProjects\HPFAutoPy\Src\BasePage\BasePage.py", line 44, in set_text_value
    self.findelement(locator_properties).send_keys(set_text)
AttributeError: 'NoneType' object has no attribute 'send_keys'
2023-01-08 23:14:06,331 || INFO || BasePage.py -> click() -> [line:37] || Click on element: Successful
2023-01-08 23:14:06,347 || INFO || LoginPage.py -> adminLogin() -> [line:28] || Navigated to URL: https://opensource-demo.orangehrmlive.com/web/index.php/auth/login
